<?xml version="1.0" encoding="UTF-8"?>
<!-- Generated by org.testng.reporters.JUnitXMLReporter -->
<testsuite hostname="ip-172-31-31-5" ignored="0" name="Default test" tests="4" failures="0" timestamp="2022-10-06T12:39:40 UTC" time="4.155" errors="0">
  <testcase name="postData" time="0.287" classname="goRest.CreateUpdateDeleteUser"/>
  <testcase name="createUser" time="2.339" classname="goRest.CreateUpdateDeleteUser"/>
  <testcase name="updateUser" time="0.999" classname="goRest.CreateUpdateDeleteUser"/>
  <testcase name="deleteUser" time="0.437" classname="goRest.CreateUpdateDeleteUser"/>
</testsuite> <!-- Default test -->
